<?xml version="1.0" encoding="UTF-8"?>
<!-- Generated by org.testng.reporters.JUnitXMLReporter -->
<testsuite hostname="Kiran" ignored="0" name="Surefire test" tests="6" failures="0" timestamp="17 Apr 2020 11:04:18 GMT" time="0.044" errors="0">
  <testcase name="iOSApps" time="0.008" classname="qaclickacademy.AppiumTest"/>
  <testcase name="nativeAppAndroid" time="0.0" classname="qaclickacademy.AppiumTest"/>
  <testcase name="deleteTwitter" time="0.0" classname="qaclickacademy.RestApiTest"/>
  <testcase name="postJira" time="0.0" classname="qaclickacademy.RestApiTest"/>
  <testcase name="browserAutomation" time="0.0" classname="qaclickacademy.SeleniumTest"/>
  <testcase name="elementsUi" time="0.0" classname="qaclickacademy.SeleniumTest"/>
</testsuite> <!-- Surefire test -->
