<?xml version="1.0" encoding="UTF-8"?>
<!-- Generated by org.testng.reporters.JUnitXMLReporter -->
<testsuite hostname="Kiran" ignored="0" name="Command line test" tests="6" failures="0" timestamp="28 Apr 2020 07:13:08 GMT" time="0.051" errors="0">
  <testcase name="iOSApps" time="0.01" classname="qaclickacademy.AppiumTest"/>
  <testcase name="nativeAppAndroid" time="0.0" classname="qaclickacademy.AppiumTest"/>
  <testcase name="deleteTwitter" time="0.0" classname="qaclickacademy.RestApiTest"/>
  <testcase name="postJira" time="0.0" classname="qaclickacademy.RestApiTest"/>
  <testcase name="browserAutomation" time="0.001" classname="qaclickacademy.SeleniumTest"/>
  <testcase name="elementsUi" time="0.001" classname="qaclickacademy.SeleniumTest"/>
</testsuite> <!-- Command line test -->
