<?xml version="1.0" encoding="UTF-8"?>
<testng-results skipped="0" failed="0" ignored="0" total="6" passed="6">
  <reporter-output>
  </reporter-output>
  <suite name="Command line suite" duration-ms="51" started-at="2020-04-28T07:13:08Z" finished-at="2020-04-28T07:13:08Z">
    <groups>
    </groups>
    <test name="Command line test" duration-ms="51" started-at="2020-04-28T07:13:08Z" finished-at="2020-04-28T07:13:08Z">
      <class name="qaclickacademy.AppiumTest">
        <test-method status="PASS" signature="iOSApps()[pri:0, instance:qaclickacademy.AppiumTest@3a03464]" name="iOSApps" duration-ms="10" started-at="2020-04-28T07:13:08Z" finished-at="2020-04-28T07:13:08Z">
          <reporter-output>
          </reporter-output>
        </test-method> <!-- iOSApps -->
        <test-method status="PASS" signature="nativeAppAndroid()[pri:0, instance:qaclickacademy.AppiumTest@3a03464]" name="nativeAppAndroid" duration-ms="0" started-at="2020-04-28T07:13:08Z" finished-at="2020-04-28T07:13:08Z">
          <reporter-output>
          </reporter-output>
        </test-method> <!-- nativeAppAndroid -->
      </class> <!-- qaclickacademy.AppiumTest -->
      <class name="qaclickacademy.SeleniumTest">
        <test-method status="PASS" signature="browserAutomation()[pri:0, instance:qaclickacademy.SeleniumTest@617c74e5]" name="browserAutomation" duration-ms="1" started-at="2020-04-28T07:13:08Z" finished-at="2020-04-28T07:13:08Z">
          <reporter-output>
          </reporter-output>
        </test-method> <!-- browserAutomation -->
        <test-method status="PASS" signature="elementsUi()[pri:0, instance:qaclickacademy.SeleniumTest@617c74e5]" name="elementsUi" duration-ms="1" started-at="2020-04-28T07:13:08Z" finished-at="2020-04-28T07:13:08Z">
          <reporter-output>
          </reporter-output>
        </test-method> <!-- elementsUi -->
      </class> <!-- qaclickacademy.SeleniumTest -->
      <class name="qaclickacademy.RestApiTest">
        <test-method status="PASS" signature="deleteTwitter()[pri:0, instance:qaclickacademy.RestApiTest@2d3fcdbd]" name="deleteTwitter" duration-ms="0" started-at="2020-04-28T07:13:08Z" finished-at="2020-04-28T07:13:08Z">
          <reporter-output>
          </reporter-output>
        </test-method> <!-- deleteTwitter -->
        <test-method status="PASS" signature="postJira()[pri:0, instance:qaclickacademy.RestApiTest@2d3fcdbd]" name="postJira" duration-ms="0" started-at="2020-04-28T07:13:08Z" finished-at="2020-04-28T07:13:08Z">
          <reporter-output>
          </reporter-output>
        </test-method> <!-- postJira -->
      </class> <!-- qaclickacademy.RestApiTest -->
    </test> <!-- Command line test -->
  </suite> <!-- Command line suite -->
</testng-results>
