<?xml version="1.0" encoding="UTF-8"?>
<testng-results skipped="0" failed="0" total="2" passed="2">
  <reporter-output>
  </reporter-output>
  <suite name="Default suite" duration-ms="68" started-at="2020-04-17T10:55:55Z" finished-at="2020-04-17T10:55:55Z">
    <groups>
    </groups>
    <test name="Default test" duration-ms="68" started-at="2020-04-17T10:55:55Z" finished-at="2020-04-17T10:55:55Z">
      <class name="qaclickacademy.AppiumTest">
        <test-method status="PASS" signature="iOSApps()[pri:0, instance:qaclickacademy.AppiumTest@685cb137]" name="iOSApps" duration-ms="28" started-at="2020-04-17T16:25:55Z" finished-at="2020-04-17T16:25:55Z">
          <reporter-output>
          </reporter-output>
        </test-method> <!-- iOSApps -->
        <test-method status="PASS" signature="nativeAppAndroid()[pri:0, instance:qaclickacademy.AppiumTest@685cb137]" name="nativeAppAndroid" duration-ms="4" started-at="2020-04-17T16:25:55Z" finished-at="2020-04-17T16:25:55Z">
          <reporter-output>
          </reporter-output>
        </test-method> <!-- nativeAppAndroid -->
      </class> <!-- qaclickacademy.AppiumTest -->
    </test> <!-- Default test -->
  </suite> <!-- Default suite -->
</testng-results>
